The system is: Linux - 5.4.48 - x86_64
Compiling the CXX compiler identification source file "CMakeCXXCompilerId.cpp" succeeded.
Compiler: /usr/bin/c++ 
Build flags: 
Id flags:  

The output was:
0


Compilation of the CXX compiler identification source "CMakeCXXCompilerId.cpp" produced "a.out"

The CXX compiler identification is GNU, found in "/home/yudi/Code/grizzly-prototype/build/CMakeFiles/3.16.3/CompilerIdCXX/a.out"

Determining if the CXX compiler works passed with the following output:
Change Dir: /home/yudi/Code/grizzly-prototype/build/CMakeFiles/CMakeTmp

Run Build Command(s):/usr/bin/make cmTC_9bc8d/fast && /usr/bin/make -f CMakeFiles/cmTC_9bc8d.dir/build.make CMakeFiles/cmTC_9bc8d.dir/build
make[1]: Entering directory '/home/yudi/Code/grizzly-prototype/build/CMakeFiles/CMakeTmp'
Building CXX object CMakeFiles/cmTC_9bc8d.dir/testCXXCompiler.cxx.o
/usr/bin/c++     -o CMakeFiles/cmTC_9bc8d.dir/testCXXCompiler.cxx.o -c /home/yudi/Code/grizzly-prototype/build/CMakeFiles/CMakeTmp/testCXXCompiler.cxx
Linking CXX executable cmTC_9bc8d
/usr/bin/cmake -E cmake_link_script CMakeFiles/cmTC_9bc8d.dir/link.txt --verbose=1
/usr/bin/c++       CMakeFiles/cmTC_9bc8d.dir/testCXXCompiler.cxx.o  -o cmTC_9bc8d 
make[1]: Leaving directory '/home/yudi/Code/grizzly-prototype/build/CMakeFiles/CMakeTmp'



Detecting CXX compiler ABI info compiled with the following output:
Change Dir: /home/yudi/Code/grizzly-prototype/build/CMakeFiles/CMakeTmp

Run Build Command(s):/usr/bin/make cmTC_eff82/fast && /usr/bin/make -f CMakeFiles/cmTC_eff82.dir/build.make CMakeFiles/cmTC_eff82.dir/build
make[1]: Entering directory '/home/yudi/Code/grizzly-prototype/build/CMakeFiles/CMakeTmp'
Building CXX object CMakeFiles/cmTC_eff82.dir/CMakeCXXCompilerABI.cpp.o
/usr/bin/c++    -v -o CMakeFiles/cmTC_eff82.dir/CMakeCXXCompilerABI.cpp.o -c /usr/share/cmake-3.16/Modules/CMakeCXXCompilerABI.cpp
Using built-in specs.
COLLECT_GCC=/usr/bin/c++
Target: x86_64-pc-linux-gnu
Configured with: ../configure --prefix=/usr --disable-multilib --with-system-zlib --enable-languages=c,c++,fortran,go,objc,obj-c++
Thread model: posix
gcc version 8.4.0 (GCC) 
COLLECT_GCC_OPTIONS='-v' '-o' 'CMakeFiles/cmTC_eff82.dir/CMakeCXXCompilerABI.cpp.o' '-c' '-shared-libgcc' '-mtune=generic' '-march=x86-64'
 /usr/libexec/gcc/x86_64-pc-linux-gnu/8.4.0/cc1plus -quiet -v -imultiarch x86_64-linux-gnu -D_GNU_SOURCE /usr/share/cmake-3.16/Modules/CMakeCXXCompilerABI.cpp -quiet -dumpbase CMakeCXXCompilerABI.cpp -mtune=generic -march=x86-64 -auxbase-strip CMakeFiles/cmTC_eff82.dir/CMakeCXXCompilerABI.cpp.o -version -o /tmp/ccC2awfC.s
GNU C++14 (GCC) version 8.4.0 (x86_64-pc-linux-gnu)
	compiled by GNU C version 8.4.0, GMP version 6.2.0, MPFR version 4.0.2, MPC version 1.1.0, isl version none
GGC heuristics: --param ggc-min-expand=100 --param ggc-min-heapsize=131072
ignoring nonexistent directory "/usr/local/include/x86_64-linux-gnu"
ignoring nonexistent directory "/usr/lib/gcc/x86_64-pc-linux-gnu/8.4.0/../../../../x86_64-pc-linux-gnu/include"
#include "..." search starts here:
#include <...> search starts here:
 /usr/lib/gcc/x86_64-pc-linux-gnu/8.4.0/../../../../include/c++/8.4.0
 /usr/lib/gcc/x86_64-pc-linux-gnu/8.4.0/../../../../include/c++/8.4.0/x86_64-pc-linux-gnu
 /usr/lib/gcc/x86_64-pc-linux-gnu/8.4.0/../../../../include/c++/8.4.0/backward
 /usr/lib/gcc/x86_64-pc-linux-gnu/8.4.0/include
 /usr/local/include
 /usr/lib/gcc/x86_64-pc-linux-gnu/8.4.0/include-fixed
 /usr/include/x86_64-linux-gnu
 /usr/include
End of search list.
GNU C++14 (GCC) version 8.4.0 (x86_64-pc-linux-gnu)
	compiled by GNU C version 8.4.0, GMP version 6.2.0, MPFR version 4.0.2, MPC version 1.1.0, isl version none
GGC heuristics: --param ggc-min-expand=100 --param ggc-min-heapsize=131072
Compiler executable checksum: da1474f6194ffb7fcc42ebbf6cb9e5a1
COLLECT_GCC_OPTIONS='-v' '-o' 'CMakeFiles/cmTC_eff82.dir/CMakeCXXCompilerABI.cpp.o' '-c' '-shared-libgcc' '-mtune=generic' '-march=x86-64'
 as -v --64 -o CMakeFiles/cmTC_eff82.dir/CMakeCXXCompilerABI.cpp.o /tmp/ccC2awfC.s
GNU assembler version 2.34 (x86_64-linux-gnu) using BFD version (GNU Binutils for Ubuntu) 2.34
COMPILER_PATH=/usr/libexec/gcc/x86_64-pc-linux-gnu/8.4.0/:/usr/libexec/gcc/x86_64-pc-linux-gnu/8.4.0/:/usr/libexec/gcc/x86_64-pc-linux-gnu/:/usr/lib/gcc/x86_64-pc-linux-gnu/8.4.0/:/usr/lib/gcc/x86_64-pc-linux-gnu/
LIBRARY_PATH=/usr/lib/gcc/x86_64-pc-linux-gnu/8.4.0/:/usr/lib/gcc/x86_64-pc-linux-gnu/8.4.0/../../../x86_64-linux-gnu/:/usr/lib/gcc/x86_64-pc-linux-gnu/8.4.0/../../../../lib64/:/lib/x86_64-linux-gnu/:/lib/../lib64/:/usr/lib/x86_64-linux-gnu/:/usr/lib/../lib64/:/usr/lib/gcc/x86_64-pc-linux-gnu/8.4.0/../../../:/lib/:/usr/lib/
COLLECT_GCC_OPTIONS='-v' '-o' 'CMakeFiles/cmTC_eff82.dir/CMakeCXXCompilerABI.cpp.o' '-c' '-shared-libgcc' '-mtune=generic' '-march=x86-64'
Linking CXX executable cmTC_eff82
/usr/bin/cmake -E cmake_link_script CMakeFiles/cmTC_eff82.dir/link.txt --verbose=1
/usr/bin/c++      -v CMakeFiles/cmTC_eff82.dir/CMakeCXXCompilerABI.cpp.o  -o cmTC_eff82 
Using built-in specs.
COLLECT_GCC=/usr/bin/c++
COLLECT_LTO_WRAPPER=/usr/libexec/gcc/x86_64-pc-linux-gnu/8.4.0/lto-wrapper
Target: x86_64-pc-linux-gnu
Configured with: ../configure --prefix=/usr --disable-multilib --with-system-zlib --enable-languages=c,c++,fortran,go,objc,obj-c++
Thread model: posix
gcc version 8.4.0 (GCC) 
COMPILER_PATH=/usr/libexec/gcc/x86_64-pc-linux-gnu/8.4.0/:/usr/libexec/gcc/x86_64-pc-linux-gnu/8.4.0/:/usr/libexec/gcc/x86_64-pc-linux-gnu/:/usr/lib/gcc/x86_64-pc-linux-gnu/8.4.0/:/usr/lib/gcc/x86_64-pc-linux-gnu/
LIBRARY_PATH=/usr/lib/gcc/x86_64-pc-linux-gnu/8.4.0/:/usr/lib/gcc/x86_64-pc-linux-gnu/8.4.0/../../../x86_64-linux-gnu/:/usr/lib/gcc/x86_64-pc-linux-gnu/8.4.0/../../../../lib64/:/lib/x86_64-linux-gnu/:/lib/../lib64/:/usr/lib/x86_64-linux-gnu/:/usr/lib/../lib64/:/usr/lib/gcc/x86_64-pc-linux-gnu/8.4.0/../../../:/lib/:/usr/lib/
COLLECT_GCC_OPTIONS='-v' '-o' 'cmTC_eff82' '-shared-libgcc' '-mtune=generic' '-march=x86-64'
 /usr/libexec/gcc/x86_64-pc-linux-gnu/8.4.0/collect2 -plugin /usr/libexec/gcc/x86_64-pc-linux-gnu/8.4.0/liblto_plugin.so -plugin-opt=/usr/libexec/gcc/x86_64-pc-linux-gnu/8.4.0/lto-wrapper -plugin-opt=-fresolution=/tmp/ccCz2hq7.res -plugin-opt=-pass-through=-lgcc_s -plugin-opt=-pass-through=-lgcc -plugin-opt=-pass-through=-lc -plugin-opt=-pass-through=-lgcc_s -plugin-opt=-pass-through=-lgcc --eh-frame-hdr -m elf_x86_64 -dynamic-linker /lib64/ld-linux-x86-64.so.2 -o cmTC_eff82 /usr/lib/gcc/x86_64-pc-linux-gnu/8.4.0/../../../x86_64-linux-gnu/crt1.o /usr/lib/gcc/x86_64-pc-linux-gnu/8.4.0/../../../x86_64-linux-gnu/crti.o /usr/lib/gcc/x86_64-pc-linux-gnu/8.4.0/crtbegin.o -L/usr/lib/gcc/x86_64-pc-linux-gnu/8.4.0 -L/usr/lib/gcc/x86_64-pc-linux-gnu/8.4.0/../../../x86_64-linux-gnu -L/usr/lib/gcc/x86_64-pc-linux-gnu/8.4.0/../../../../lib64 -L/lib/x86_64-linux-gnu -L/lib/../lib64 -L/usr/lib/x86_64-linux-gnu -L/usr/lib/../lib64 -L/usr/lib/gcc/x86_64-pc-linux-gnu/8.4.0/../../.. CMakeFiles/cmTC_eff82.dir/CMakeCXXCompilerABI.cpp.o -lstdc++ -lm -lgcc_s -lgcc -lc -lgcc_s -lgcc /usr/lib/gcc/x86_64-pc-linux-gnu/8.4.0/crtend.o /usr/lib/gcc/x86_64-pc-linux-gnu/8.4.0/../../../x86_64-linux-gnu/crtn.o
COLLECT_GCC_OPTIONS='-v' '-o' 'cmTC_eff82' '-shared-libgcc' '-mtune=generic' '-march=x86-64'
make[1]: Leaving directory '/home/yudi/Code/grizzly-prototype/build/CMakeFiles/CMakeTmp'



Parsed CXX implicit include dir info from above output: rv=done
  found start of include info
  found start of implicit include info
    add: [/usr/lib/gcc/x86_64-pc-linux-gnu/8.4.0/../../../../include/c++/8.4.0]
    add: [/usr/lib/gcc/x86_64-pc-linux-gnu/8.4.0/../../../../include/c++/8.4.0/x86_64-pc-linux-gnu]
    add: [/usr/lib/gcc/x86_64-pc-linux-gnu/8.4.0/../../../../include/c++/8.4.0/backward]
    add: [/usr/lib/gcc/x86_64-pc-linux-gnu/8.4.0/include]
    add: [/usr/local/include]
    add: [/usr/lib/gcc/x86_64-pc-linux-gnu/8.4.0/include-fixed]
    add: [/usr/include/x86_64-linux-gnu]
    add: [/usr/include]
  end of search list found
  collapse include dir [/usr/lib/gcc/x86_64-pc-linux-gnu/8.4.0/../../../../include/c++/8.4.0] ==> [/usr/include/c++/8.4.0]
  collapse include dir [/usr/lib/gcc/x86_64-pc-linux-gnu/8.4.0/../../../../include/c++/8.4.0/x86_64-pc-linux-gnu] ==> [/usr/include/c++/8.4.0/x86_64-pc-linux-gnu]
  collapse include dir [/usr/lib/gcc/x86_64-pc-linux-gnu/8.4.0/../../../../include/c++/8.4.0/backward] ==> [/usr/include/c++/8.4.0/backward]
  collapse include dir [/usr/lib/gcc/x86_64-pc-linux-gnu/8.4.0/include] ==> [/usr/lib/gcc/x86_64-pc-linux-gnu/8.4.0/include]
  collapse include dir [/usr/local/include] ==> [/usr/local/include]
  collapse include dir [/usr/lib/gcc/x86_64-pc-linux-gnu/8.4.0/include-fixed] ==> [/usr/lib/gcc/x86_64-pc-linux-gnu/8.4.0/include-fixed]
  collapse include dir [/usr/include/x86_64-linux-gnu] ==> [/usr/include/x86_64-linux-gnu]
  collapse include dir [/usr/include] ==> [/usr/include]
  implicit include dirs: [/usr/include/c++/8.4.0;/usr/include/c++/8.4.0/x86_64-pc-linux-gnu;/usr/include/c++/8.4.0/backward;/usr/lib/gcc/x86_64-pc-linux-gnu/8.4.0/include;/usr/local/include;/usr/lib/gcc/x86_64-pc-linux-gnu/8.4.0/include-fixed;/usr/include/x86_64-linux-gnu;/usr/include]


Parsed CXX implicit link information from above output:
  link line regex: [^( *|.*[/\])(ld|CMAKE_LINK_STARTFILE-NOTFOUND|([^/\]+-)?ld|collect2)[^/\]*( |$)]
  ignore line: [Change Dir: /home/yudi/Code/grizzly-prototype/build/CMakeFiles/CMakeTmp]
  ignore line: []
  ignore line: [Run Build Command(s):/usr/bin/make cmTC_eff82/fast && /usr/bin/make -f CMakeFiles/cmTC_eff82.dir/build.make CMakeFiles/cmTC_eff82.dir/build]
  ignore line: [make[1]: Entering directory '/home/yudi/Code/grizzly-prototype/build/CMakeFiles/CMakeTmp']
  ignore line: [Building CXX object CMakeFiles/cmTC_eff82.dir/CMakeCXXCompilerABI.cpp.o]
  ignore line: [/usr/bin/c++    -v -o CMakeFiles/cmTC_eff82.dir/CMakeCXXCompilerABI.cpp.o -c /usr/share/cmake-3.16/Modules/CMakeCXXCompilerABI.cpp]
  ignore line: [Using built-in specs.]
  ignore line: [COLLECT_GCC=/usr/bin/c++]
  ignore line: [Target: x86_64-pc-linux-gnu]
  ignore line: [Configured with: ../configure --prefix=/usr --disable-multilib --with-system-zlib --enable-languages=c c++ fortran go objc obj-c++]
  ignore line: [Thread model: posix]
  ignore line: [gcc version 8.4.0 (GCC) ]
  ignore line: [COLLECT_GCC_OPTIONS='-v' '-o' 'CMakeFiles/cmTC_eff82.dir/CMakeCXXCompilerABI.cpp.o' '-c' '-shared-libgcc' '-mtune=generic' '-march=x86-64']
  ignore line: [ /usr/libexec/gcc/x86_64-pc-linux-gnu/8.4.0/cc1plus -quiet -v -imultiarch x86_64-linux-gnu -D_GNU_SOURCE /usr/share/cmake-3.16/Modules/CMakeCXXCompilerABI.cpp -quiet -dumpbase CMakeCXXCompilerABI.cpp -mtune=generic -march=x86-64 -auxbase-strip CMakeFiles/cmTC_eff82.dir/CMakeCXXCompilerABI.cpp.o -version -o /tmp/ccC2awfC.s]
  ignore line: [GNU C++14 (GCC) version 8.4.0 (x86_64-pc-linux-gnu)]
  ignore line: [	compiled by GNU C version 8.4.0  GMP version 6.2.0  MPFR version 4.0.2  MPC version 1.1.0  isl version none]
  ignore line: [GGC heuristics: --param ggc-min-expand=100 --param ggc-min-heapsize=131072]
  ignore line: [ignoring nonexistent directory "/usr/local/include/x86_64-linux-gnu"]
  ignore line: [ignoring nonexistent directory "/usr/lib/gcc/x86_64-pc-linux-gnu/8.4.0/../../../../x86_64-pc-linux-gnu/include"]
  ignore line: [#include "..." search starts here:]
  ignore line: [#include <...> search starts here:]
  ignore line: [ /usr/lib/gcc/x86_64-pc-linux-gnu/8.4.0/../../../../include/c++/8.4.0]
  ignore line: [ /usr/lib/gcc/x86_64-pc-linux-gnu/8.4.0/../../../../include/c++/8.4.0/x86_64-pc-linux-gnu]
  ignore line: [ /usr/lib/gcc/x86_64-pc-linux-gnu/8.4.0/../../../../include/c++/8.4.0/backward]
  ignore line: [ /usr/lib/gcc/x86_64-pc-linux-gnu/8.4.0/include]
  ignore line: [ /usr/local/include]
  ignore line: [ /usr/lib/gcc/x86_64-pc-linux-gnu/8.4.0/include-fixed]
  ignore line: [ /usr/include/x86_64-linux-gnu]
  ignore line: [ /usr/include]
  ignore line: [End of search list.]
  ignore line: [GNU C++14 (GCC) version 8.4.0 (x86_64-pc-linux-gnu)]
  ignore line: [	compiled by GNU C version 8.4.0  GMP version 6.2.0  MPFR version 4.0.2  MPC version 1.1.0  isl version none]
  ignore line: [GGC heuristics: --param ggc-min-expand=100 --param ggc-min-heapsize=131072]
  ignore line: [Compiler executable checksum: da1474f6194ffb7fcc42ebbf6cb9e5a1]
  ignore line: [COLLECT_GCC_OPTIONS='-v' '-o' 'CMakeFiles/cmTC_eff82.dir/CMakeCXXCompilerABI.cpp.o' '-c' '-shared-libgcc' '-mtune=generic' '-march=x86-64']
  ignore line: [ as -v --64 -o CMakeFiles/cmTC_eff82.dir/CMakeCXXCompilerABI.cpp.o /tmp/ccC2awfC.s]
  ignore line: [GNU assembler version 2.34 (x86_64-linux-gnu) using BFD version (GNU Binutils for Ubuntu) 2.34]
  ignore line: [COMPILER_PATH=/usr/libexec/gcc/x86_64-pc-linux-gnu/8.4.0/:/usr/libexec/gcc/x86_64-pc-linux-gnu/8.4.0/:/usr/libexec/gcc/x86_64-pc-linux-gnu/:/usr/lib/gcc/x86_64-pc-linux-gnu/8.4.0/:/usr/lib/gcc/x86_64-pc-linux-gnu/]
  ignore line: [LIBRARY_PATH=/usr/lib/gcc/x86_64-pc-linux-gnu/8.4.0/:/usr/lib/gcc/x86_64-pc-linux-gnu/8.4.0/../../../x86_64-linux-gnu/:/usr/lib/gcc/x86_64-pc-linux-gnu/8.4.0/../../../../lib64/:/lib/x86_64-linux-gnu/:/lib/../lib64/:/usr/lib/x86_64-linux-gnu/:/usr/lib/../lib64/:/usr/lib/gcc/x86_64-pc-linux-gnu/8.4.0/../../../:/lib/:/usr/lib/]
  ignore line: [COLLECT_GCC_OPTIONS='-v' '-o' 'CMakeFiles/cmTC_eff82.dir/CMakeCXXCompilerABI.cpp.o' '-c' '-shared-libgcc' '-mtune=generic' '-march=x86-64']
  ignore line: [Linking CXX executable cmTC_eff82]
  ignore line: [/usr/bin/cmake -E cmake_link_script CMakeFiles/cmTC_eff82.dir/link.txt --verbose=1]
  ignore line: [/usr/bin/c++      -v CMakeFiles/cmTC_eff82.dir/CMakeCXXCompilerABI.cpp.o  -o cmTC_eff82 ]
  ignore line: [Using built-in specs.]
  ignore line: [COLLECT_GCC=/usr/bin/c++]
  ignore line: [COLLECT_LTO_WRAPPER=/usr/libexec/gcc/x86_64-pc-linux-gnu/8.4.0/lto-wrapper]
  ignore line: [Target: x86_64-pc-linux-gnu]
  ignore line: [Configured with: ../configure --prefix=/usr --disable-multilib --with-system-zlib --enable-languages=c c++ fortran go objc obj-c++]
  ignore line: [Thread model: posix]
  ignore line: [gcc version 8.4.0 (GCC) ]
  ignore line: [COMPILER_PATH=/usr/libexec/gcc/x86_64-pc-linux-gnu/8.4.0/:/usr/libexec/gcc/x86_64-pc-linux-gnu/8.4.0/:/usr/libexec/gcc/x86_64-pc-linux-gnu/:/usr/lib/gcc/x86_64-pc-linux-gnu/8.4.0/:/usr/lib/gcc/x86_64-pc-linux-gnu/]
  ignore line: [LIBRARY_PATH=/usr/lib/gcc/x86_64-pc-linux-gnu/8.4.0/:/usr/lib/gcc/x86_64-pc-linux-gnu/8.4.0/../../../x86_64-linux-gnu/:/usr/lib/gcc/x86_64-pc-linux-gnu/8.4.0/../../../../lib64/:/lib/x86_64-linux-gnu/:/lib/../lib64/:/usr/lib/x86_64-linux-gnu/:/usr/lib/../lib64/:/usr/lib/gcc/x86_64-pc-linux-gnu/8.4.0/../../../:/lib/:/usr/lib/]
  ignore line: [COLLECT_GCC_OPTIONS='-v' '-o' 'cmTC_eff82' '-shared-libgcc' '-mtune=generic' '-march=x86-64']
  link line: [ /usr/libexec/gcc/x86_64-pc-linux-gnu/8.4.0/collect2 -plugin /usr/libexec/gcc/x86_64-pc-linux-gnu/8.4.0/liblto_plugin.so -plugin-opt=/usr/libexec/gcc/x86_64-pc-linux-gnu/8.4.0/lto-wrapper -plugin-opt=-fresolution=/tmp/ccCz2hq7.res -plugin-opt=-pass-through=-lgcc_s -plugin-opt=-pass-through=-lgcc -plugin-opt=-pass-through=-lc -plugin-opt=-pass-through=-lgcc_s -plugin-opt=-pass-through=-lgcc --eh-frame-hdr -m elf_x86_64 -dynamic-linker /lib64/ld-linux-x86-64.so.2 -o cmTC_eff82 /usr/lib/gcc/x86_64-pc-linux-gnu/8.4.0/../../../x86_64-linux-gnu/crt1.o /usr/lib/gcc/x86_64-pc-linux-gnu/8.4.0/../../../x86_64-linux-gnu/crti.o /usr/lib/gcc/x86_64-pc-linux-gnu/8.4.0/crtbegin.o -L/usr/lib/gcc/x86_64-pc-linux-gnu/8.4.0 -L/usr/lib/gcc/x86_64-pc-linux-gnu/8.4.0/../../../x86_64-linux-gnu -L/usr/lib/gcc/x86_64-pc-linux-gnu/8.4.0/../../../../lib64 -L/lib/x86_64-linux-gnu -L/lib/../lib64 -L/usr/lib/x86_64-linux-gnu -L/usr/lib/../lib64 -L/usr/lib/gcc/x86_64-pc-linux-gnu/8.4.0/../../.. CMakeFiles/cmTC_eff82.dir/CMakeCXXCompilerABI.cpp.o -lstdc++ -lm -lgcc_s -lgcc -lc -lgcc_s -lgcc /usr/lib/gcc/x86_64-pc-linux-gnu/8.4.0/crtend.o /usr/lib/gcc/x86_64-pc-linux-gnu/8.4.0/../../../x86_64-linux-gnu/crtn.o]
    arg [/usr/libexec/gcc/x86_64-pc-linux-gnu/8.4.0/collect2] ==> ignore
    arg [-plugin] ==> ignore
    arg [/usr/libexec/gcc/x86_64-pc-linux-gnu/8.4.0/liblto_plugin.so] ==> ignore
    arg [-plugin-opt=/usr/libexec/gcc/x86_64-pc-linux-gnu/8.4.0/lto-wrapper] ==> ignore
    arg [-plugin-opt=-fresolution=/tmp/ccCz2hq7.res] ==> ignore
    arg [-plugin-opt=-pass-through=-lgcc_s] ==> ignore
    arg [-plugin-opt=-pass-through=-lgcc] ==> ignore
    arg [-plugin-opt=-pass-through=-lc] ==> ignore
    arg [-plugin-opt=-pass-through=-lgcc_s] ==> ignore
    arg [-plugin-opt=-pass-through=-lgcc] ==> ignore
    arg [--eh-frame-hdr] ==> ignore
    arg [-m] ==> ignore
    arg [elf_x86_64] ==> ignore
    arg [-dynamic-linker] ==> ignore
    arg [/lib64/ld-linux-x86-64.so.2] ==> ignore
    arg [-o] ==> ignore
    arg [cmTC_eff82] ==> ignore
    arg [/usr/lib/gcc/x86_64-pc-linux-gnu/8.4.0/../../../x86_64-linux-gnu/crt1.o] ==> ignore
    arg [/usr/lib/gcc/x86_64-pc-linux-gnu/8.4.0/../../../x86_64-linux-gnu/crti.o] ==> ignore
    arg [/usr/lib/gcc/x86_64-pc-linux-gnu/8.4.0/crtbegin.o] ==> ignore
    arg [-L/usr/lib/gcc/x86_64-pc-linux-gnu/8.4.0] ==> dir [/usr/lib/gcc/x86_64-pc-linux-gnu/8.4.0]
    arg [-L/usr/lib/gcc/x86_64-pc-linux-gnu/8.4.0/../../../x86_64-linux-gnu] ==> dir [/usr/lib/gcc/x86_64-pc-linux-gnu/8.4.0/../../../x86_64-linux-gnu]
    arg [-L/usr/lib/gcc/x86_64-pc-linux-gnu/8.4.0/../../../../lib64] ==> dir [/usr/lib/gcc/x86_64-pc-linux-gnu/8.4.0/../../../../lib64]
    arg [-L/lib/x86_64-linux-gnu] ==> dir [/lib/x86_64-linux-gnu]
    arg [-L/lib/../lib64] ==> dir [/lib/../lib64]
    arg [-L/usr/lib/x86_64-linux-gnu] ==> dir [/usr/lib/x86_64-linux-gnu]
    arg [-L/usr/lib/../lib64] ==> dir [/usr/lib/../lib64]
    arg [-L/usr/lib/gcc/x86_64-pc-linux-gnu/8.4.0/../../..] ==> dir [/usr/lib/gcc/x86_64-pc-linux-gnu/8.4.0/../../..]
    arg [CMakeFiles/cmTC_eff82.dir/CMakeCXXCompilerABI.cpp.o] ==> ignore
    arg [-lstdc++] ==> lib [stdc++]
    arg [-lm] ==> lib [m]
    arg [-lgcc_s] ==> lib [gcc_s]
    arg [-lgcc] ==> lib [gcc]
    arg [-lc] ==> lib [c]
    arg [-lgcc_s] ==> lib [gcc_s]
    arg [-lgcc] ==> lib [gcc]
    arg [/usr/lib/gcc/x86_64-pc-linux-gnu/8.4.0/crtend.o] ==> ignore
    arg [/usr/lib/gcc/x86_64-pc-linux-gnu/8.4.0/../../../x86_64-linux-gnu/crtn.o] ==> ignore
  collapse library dir [/usr/lib/gcc/x86_64-pc-linux-gnu/8.4.0] ==> [/usr/lib/gcc/x86_64-pc-linux-gnu/8.4.0]
  collapse library dir [/usr/lib/gcc/x86_64-pc-linux-gnu/8.4.0/../../../x86_64-linux-gnu] ==> [/usr/lib/x86_64-linux-gnu]
  collapse library dir [/usr/lib/gcc/x86_64-pc-linux-gnu/8.4.0/../../../../lib64] ==> [/usr/lib64]
  collapse library dir [/lib/x86_64-linux-gnu] ==> [/lib/x86_64-linux-gnu]
  collapse library dir [/lib/../lib64] ==> [/lib64]
  collapse library dir [/usr/lib/x86_64-linux-gnu] ==> [/usr/lib/x86_64-linux-gnu]
  collapse library dir [/usr/lib/../lib64] ==> [/usr/lib64]
  collapse library dir [/usr/lib/gcc/x86_64-pc-linux-gnu/8.4.0/../../..] ==> [/usr/lib]
  implicit libs: [stdc++;m;gcc_s;gcc;c;gcc_s;gcc]
  implicit dirs: [/usr/lib/gcc/x86_64-pc-linux-gnu/8.4.0;/usr/lib/x86_64-linux-gnu;/usr/lib64;/lib/x86_64-linux-gnu;/lib64;/usr/lib]
  implicit fwks: []


Performing C++ SOURCE FILE Test COMPILER_SUPPORTS_MARCH_NATIVE succeeded with the following output:
Change Dir: /home/yudi/Code/grizzly-prototype/build/CMakeFiles/CMakeTmp

Run Build Command(s):/usr/bin/make cmTC_72567/fast && /usr/bin/make -f CMakeFiles/cmTC_72567.dir/build.make CMakeFiles/cmTC_72567.dir/build
make[1]: Entering directory '/home/yudi/Code/grizzly-prototype/build/CMakeFiles/CMakeTmp'
Building CXX object CMakeFiles/cmTC_72567.dir/src.cxx.o
/usr/bin/c++    -Wall -lnuma -lpapi -DCOMPILER_SUPPORTS_MARCH_NATIVE   -march=native -o CMakeFiles/cmTC_72567.dir/src.cxx.o -c /home/yudi/Code/grizzly-prototype/build/CMakeFiles/CMakeTmp/src.cxx
Linking CXX executable cmTC_72567
/usr/bin/cmake -E cmake_link_script CMakeFiles/cmTC_72567.dir/link.txt --verbose=1
/usr/bin/c++  -Wall -lnuma -lpapi -DCOMPILER_SUPPORTS_MARCH_NATIVE    CMakeFiles/cmTC_72567.dir/src.cxx.o  -o cmTC_72567 
make[1]: Leaving directory '/home/yudi/Code/grizzly-prototype/build/CMakeFiles/CMakeTmp'


Source file was:
int main() { return 0; }
Determining if the include file pthread.h exists passed with the following output:
Change Dir: /home/yudi/Code/grizzly-prototype/build/CMakeFiles/CMakeTmp

Run Build Command(s):/usr/bin/make cmTC_3c42b/fast && /usr/bin/make -f CMakeFiles/cmTC_3c42b.dir/build.make CMakeFiles/cmTC_3c42b.dir/build
make[1]: Entering directory '/home/yudi/Code/grizzly-prototype/build/CMakeFiles/CMakeTmp'
Building CXX object CMakeFiles/cmTC_3c42b.dir/CheckIncludeFile.cxx.o
/usr/bin/c++    -Wall -lnuma -lpapi -march=native -mtune=native -mavx    -o CMakeFiles/cmTC_3c42b.dir/CheckIncludeFile.cxx.o -c /home/yudi/Code/grizzly-prototype/build/CMakeFiles/CMakeTmp/CheckIncludeFile.cxx
Linking CXX executable cmTC_3c42b
/usr/bin/cmake -E cmake_link_script CMakeFiles/cmTC_3c42b.dir/link.txt --verbose=1
/usr/bin/c++  -Wall -lnuma -lpapi -march=native -mtune=native -mavx     CMakeFiles/cmTC_3c42b.dir/CheckIncludeFile.cxx.o  -o cmTC_3c42b 
make[1]: Leaving directory '/home/yudi/Code/grizzly-prototype/build/CMakeFiles/CMakeTmp'



